2023-03-20 00:45:34,458 [INFO   ] [APP] autotrader started with arguments={-c}
2023-03-20 00:45:34,458 [INFO   ] [APP] configuration={"Execution":{"Host":"172.24.0.2","Port":12345},"Information":{"Type":"mmap","Name":"/info/info.dat"},"TeamName":"LiquidBears_2185","Secret":"bRyJw6FNTz5rrSJIRtpBpw"}
2023-03-20 00:45:34,553 [INFO   ] [CONNECTION] fd=7 connection established: peer=172.24.0.2:12345
2023-03-20 00:46:52,483 [CRITICAL] [TRADER] ENTER HEDGE:
2023-03-20 00:46:52,484 [CRITICAL] [TRADER] 	POSITION IS -64 HEDGE IS 0.
2023-03-20 00:46:52,484 [CRITICAL] [TRADER] 	EXIT HEDGE.
2023-03-20 00:46:52,485 [INFO   ] [TRADER] FILLED A HEDGE 137 PRICE 126400 VOLUME 64
2023-03-20 00:47:55,197 [CRITICAL] [TRADER] ENTER HEDGE:
2023-03-20 00:47:55,197 [CRITICAL] [TRADER] 	POSITION IS -46 HEDGE IS 64.
2023-03-20 00:47:55,197 [CRITICAL] [TRADER] 	EXIT HEDGE.
2023-03-20 00:47:55,198 [INFO   ] [TRADER] FILLED A HEDGE 302 PRICE 125000 VOLUME 18
2023-03-20 00:48:53,466 [CRITICAL] [TRADER] ENTER HEDGE:
2023-03-20 00:48:53,466 [CRITICAL] [TRADER] 	POSITION IS 77 HEDGE IS 46.
2023-03-20 00:48:53,466 [CRITICAL] [TRADER] 	EXIT HEDGE.
2023-03-20 00:48:53,467 [INFO   ] [TRADER] FILLED A HEDGE 429 PRICE 125900 VOLUME 123
2023-03-20 00:49:54,964 [CRITICAL] [TRADER] ENTER HEDGE:
2023-03-20 00:49:54,964 [CRITICAL] [TRADER] 	POSITION IS -31 HEDGE IS -77.
2023-03-20 00:49:54,964 [CRITICAL] [TRADER] 	EXIT HEDGE.
2023-03-20 00:49:54,964 [INFO   ] [TRADER] FILLED A HEDGE 588 PRICE 122400 VOLUME 108
2023-03-20 00:50:57,176 [CRITICAL] [TRADER] ENTER HEDGE:
2023-03-20 00:50:57,176 [CRITICAL] [TRADER] 	POSITION IS 88 HEDGE IS 31.
2023-03-20 00:50:57,176 [CRITICAL] [TRADER] 	EXIT HEDGE.
2023-03-20 00:50:57,177 [INFO   ] [TRADER] FILLED A HEDGE 705 PRICE 123600 VOLUME 119
2023-03-20 00:52:06,713 [CRITICAL] [TRADER] ENTER HEDGE:
2023-03-20 00:52:06,713 [CRITICAL] [TRADER] 	POSITION IS 54 HEDGE IS -88.
2023-03-20 00:52:06,713 [CRITICAL] [TRADER] 	EXIT HEDGE.
2023-03-20 00:52:06,713 [INFO   ] [TRADER] FILLED A HEDGE 814 PRICE 124500 VOLUME 34
2023-03-20 00:53:06,980 [CRITICAL] [TRADER] ENTER HEDGE:
2023-03-20 00:53:06,980 [CRITICAL] [TRADER] 	POSITION IS -53 HEDGE IS -54.
2023-03-20 00:53:06,980 [CRITICAL] [TRADER] 	EXIT HEDGE.
2023-03-20 00:53:06,981 [INFO   ] [TRADER] FILLED A HEDGE 992 PRICE 123500 VOLUME 107
2023-03-20 00:54:07,194 [CRITICAL] [TRADER] ENTER HEDGE:
2023-03-20 00:54:07,194 [CRITICAL] [TRADER] 	POSITION IS 59 HEDGE IS 53.
2023-03-20 00:54:07,194 [CRITICAL] [TRADER] 	EXIT HEDGE.
2023-03-20 00:54:07,194 [INFO   ] [TRADER] FILLED A HEDGE 1125 PRICE 124800 VOLUME 112
2023-03-20 00:55:06,227 [CRITICAL] [TRADER] ENTER HEDGE:
2023-03-20 00:55:06,227 [CRITICAL] [TRADER] 	POSITION IS 80 HEDGE IS -59.
2023-03-20 00:55:06,227 [CRITICAL] [TRADER] 	EXIT HEDGE.
2023-03-20 00:55:06,228 [INFO   ] [TRADER] FILLED A HEDGE 1191 PRICE 128300 VOLUME 21
2023-03-20 00:56:44,203 [CRITICAL] [TRADER] ENTER HEDGE:
2023-03-20 00:56:44,203 [CRITICAL] [TRADER] 	POSITION IS 77 HEDGE IS -80.
2023-03-20 00:56:44,203 [CRITICAL] [TRADER] 	EXIT HEDGE.
2023-03-20 00:56:44,204 [INFO   ] [TRADER] FILLED A HEDGE 1334 PRICE 132100 VOLUME 3
2023-03-20 00:57:42,733 [CRITICAL] [TRADER] ENTER HEDGE:
2023-03-20 00:57:42,733 [CRITICAL] [TRADER] 	POSITION IS 79 HEDGE IS -77.
2023-03-20 00:57:42,733 [CRITICAL] [TRADER] 	EXIT HEDGE.
2023-03-20 00:57:42,733 [INFO   ] [TRADER] FILLED A HEDGE 1447 PRICE 126600 VOLUME 2
2023-03-20 00:58:44,926 [CRITICAL] [TRADER] ENTER HEDGE:
2023-03-20 00:58:44,926 [CRITICAL] [TRADER] 	POSITION IS 75 HEDGE IS -79.
2023-03-20 00:58:44,926 [CRITICAL] [TRADER] 	EXIT HEDGE.
2023-03-20 00:58:44,927 [INFO   ] [TRADER] FILLED A HEDGE 1543 PRICE 128300 VOLUME 4
2023-03-20 01:00:05,454 [CRITICAL] [TRADER] ENTER HEDGE:
2023-03-20 01:00:05,454 [CRITICAL] [TRADER] 	POSITION IS 76 HEDGE IS -75.
2023-03-20 01:00:05,454 [CRITICAL] [TRADER] 	EXIT HEDGE.
2023-03-20 01:00:05,454 [INFO   ] [TRADER] FILLED A HEDGE 1637 PRICE 127300 VOLUME 1
2023-03-20 01:00:52,439 [INFO   ] [CONNECTION] fd=7 connection lost
2023-03-20 01:00:52,439 [INFO   ] [APP] closing event loop
2023-03-20 01:00:52,439 [INFO   ] [RECEIVER] connection lost
