2023-03-20 04:33:20,089 [INFO   ] [APP] autotrader started with arguments={-c}
2023-03-20 04:33:20,089 [INFO   ] [APP] configuration={"Execution":{"Host":"192.168.112.2","Port":12345},"Information":{"Type":"mmap","Name":"/info/info.dat"},"TeamName":"LiquidBears_2185","Secret":"3q1_2Q8qdILEbO_oo0BmHg"}
2023-03-20 04:33:20,184 [INFO   ] [CONNECTION] fd=7 connection established: peer=192.168.112.2:12345
2023-03-20 04:34:36,769 [CRITICAL] [TRADER] ENTER HEDGE:
2023-03-20 04:34:36,769 [CRITICAL] [TRADER] 	POSITION IS -15 HEDGE IS 0.
2023-03-20 04:34:36,770 [CRITICAL] [TRADER] 	EXIT HEDGE.
2023-03-20 04:34:36,772 [INFO   ] [TRADER] FILLED A HEDGE 138 PRICE 126200 VOLUME 15
2023-03-20 04:34:36,990 [CRITICAL] [TRADER] ENTER HEDGE:
2023-03-20 04:34:36,990 [CRITICAL] [TRADER] 	POSITION IS -25 HEDGE IS 15.
2023-03-20 04:34:36,990 [CRITICAL] [TRADER] 	EXIT HEDGE.
2023-03-20 04:34:36,991 [INFO   ] [TRADER] FILLED A HEDGE 139 PRICE 126300 VOLUME 10
2023-03-20 04:35:36,675 [CRITICAL] [TRADER] ENTER HEDGE:
2023-03-20 04:35:36,676 [CRITICAL] [TRADER] 	POSITION IS -79 HEDGE IS 25.
2023-03-20 04:35:36,676 [CRITICAL] [TRADER] 	EXIT HEDGE.
2023-03-20 04:35:36,676 [INFO   ] [TRADER] FILLED A HEDGE 263 PRICE 125100 VOLUME 54
2023-03-20 04:36:40,421 [CRITICAL] [TRADER] ENTER HEDGE:
2023-03-20 04:36:40,421 [CRITICAL] [TRADER] 	POSITION IS 79 HEDGE IS 79.
2023-03-20 04:36:40,421 [CRITICAL] [TRADER] 	EXIT HEDGE.
2023-03-20 04:36:40,421 [INFO   ] [TRADER] FILLED A HEDGE 394 PRICE 125800 VOLUME 158
2023-03-20 04:37:42,960 [CRITICAL] [TRADER] ENTER HEDGE:
2023-03-20 04:37:42,960 [CRITICAL] [TRADER] 	POSITION IS -84 HEDGE IS -79.
2023-03-20 04:37:42,961 [CRITICAL] [TRADER] 	EXIT HEDGE.
2023-03-20 04:37:42,961 [INFO   ] [TRADER] FILLED A HEDGE 515 PRICE 123000 VOLUME 163
2023-03-20 04:38:45,223 [CRITICAL] [TRADER] ENTER HEDGE:
2023-03-20 04:38:45,223 [CRITICAL] [TRADER] 	POSITION IS 91 HEDGE IS 84.
2023-03-20 04:38:45,224 [CRITICAL] [TRADER] 	EXIT HEDGE.
2023-03-20 04:38:45,225 [INFO   ] [TRADER] FILLED A HEDGE 684 PRICE 123700 VOLUME 175
2023-03-20 04:40:38,475 [CRITICAL] [TRADER] ENTER HEDGE:
2023-03-20 04:40:38,475 [CRITICAL] [TRADER] 	POSITION IS -56 HEDGE IS -91.
2023-03-20 04:40:38,475 [CRITICAL] [TRADER] 	EXIT HEDGE.
2023-03-20 04:40:38,476 [INFO   ] [TRADER] FILLED A HEDGE 921 PRICE 122300 VOLUME 147
2023-03-20 04:41:37,193 [CRITICAL] [TRADER] ENTER HEDGE:
2023-03-20 04:41:37,193 [CRITICAL] [TRADER] 	POSITION IS 33 HEDGE IS 56.
2023-03-20 04:41:37,193 [CRITICAL] [TRADER] 	EXIT HEDGE.
2023-03-20 04:41:37,194 [INFO   ] [TRADER] FILLED A HEDGE 1029 PRICE 124700 VOLUME 89
2023-03-20 04:41:37,503 [CRITICAL] [TRADER] ENTER HEDGE:
2023-03-20 04:41:37,504 [CRITICAL] [TRADER] 	POSITION IS 43 HEDGE IS -33.
2023-03-20 04:41:37,504 [CRITICAL] [TRADER] 	EXIT HEDGE.
2023-03-20 04:41:37,505 [INFO   ] [TRADER] FILLED A HEDGE 1030 PRICE 124600 VOLUME 10
2023-03-20 04:41:37,683 [CRITICAL] [TRADER] ENTER HEDGE:
2023-03-20 04:41:37,683 [CRITICAL] [TRADER] 	POSITION IS 58 HEDGE IS -43.
2023-03-20 04:41:37,683 [CRITICAL] [TRADER] 	EXIT HEDGE.
2023-03-20 04:41:37,684 [INFO   ] [TRADER] FILLED A HEDGE 1031 PRICE 124900 VOLUME 15
2023-03-20 04:42:37,018 [CRITICAL] [TRADER] ENTER HEDGE:
2023-03-20 04:42:37,018 [CRITICAL] [TRADER] 	POSITION IS 76 HEDGE IS -58.
2023-03-20 04:42:37,018 [CRITICAL] [TRADER] 	EXIT HEDGE.
2023-03-20 04:42:37,019 [INFO   ] [TRADER] FILLED A HEDGE 1110 PRICE 127700 VOLUME 18
2023-03-20 04:43:38,931 [CRITICAL] [TRADER] ENTER HEDGE:
2023-03-20 04:43:38,931 [CRITICAL] [TRADER] 	POSITION IS 25 HEDGE IS -76.
2023-03-20 04:43:38,931 [CRITICAL] [TRADER] 	EXIT HEDGE.
2023-03-20 04:43:38,932 [INFO   ] [TRADER] FILLED A HEDGE 1206 PRICE 129500 VOLUME 51
2023-03-20 04:44:40,480 [CRITICAL] [TRADER] ENTER HEDGE:
2023-03-20 04:44:40,480 [CRITICAL] [TRADER] 	POSITION IS 92 HEDGE IS -25.
2023-03-20 04:44:40,480 [CRITICAL] [TRADER] 	EXIT HEDGE.
2023-03-20 04:44:40,480 [INFO   ] [TRADER] FILLED A HEDGE 1304 PRICE 132400 VOLUME 67
2023-03-20 04:45:42,760 [CRITICAL] [TRADER] ENTER HEDGE:
2023-03-20 04:45:42,760 [CRITICAL] [TRADER] 	POSITION IS 21 HEDGE IS -92.
2023-03-20 04:45:42,760 [CRITICAL] [TRADER] 	EXIT HEDGE.
2023-03-20 04:45:42,761 [INFO   ] [TRADER] FILLED A HEDGE 1465 PRICE 126500 VOLUME 71
2023-03-20 04:46:43,494 [CRITICAL] [TRADER] ENTER HEDGE:
2023-03-20 04:46:43,494 [CRITICAL] [TRADER] 	POSITION IS 19 HEDGE IS -21.
2023-03-20 04:46:43,494 [CRITICAL] [TRADER] 	EXIT HEDGE.
2023-03-20 04:46:43,495 [INFO   ] [TRADER] FILLED A HEDGE 1609 PRICE 128200 VOLUME 2
2023-03-20 04:47:41,970 [CRITICAL] [TRADER] ENTER HEDGE:
2023-03-20 04:47:41,970 [CRITICAL] [TRADER] 	POSITION IS 83 HEDGE IS -19.
2023-03-20 04:47:41,970 [CRITICAL] [TRADER] 	EXIT HEDGE.
2023-03-20 04:47:41,971 [INFO   ] [TRADER] FILLED A HEDGE 1717 PRICE 128000 VOLUME 64
2023-03-20 04:48:37,709 [INFO   ] [CONNECTION] fd=7 connection lost
2023-03-20 04:48:37,710 [INFO   ] [APP] closing event loop
2023-03-20 04:48:37,710 [INFO   ] [RECEIVER] connection lost
