2023-03-20 03:21:40,429 [INFO   ] [APP] autotrader started with arguments={-c}
2023-03-20 03:21:40,429 [INFO   ] [APP] configuration={"Execution":{"Host":"192.168.48.2","Port":12345},"Information":{"Type":"mmap","Name":"/info/info.dat"},"TeamName":"LiquidBears_2185","Secret":"RUBKozmPAegR-BbJatKfTQ"}
2023-03-20 03:21:40,507 [INFO   ] [CONNECTION] fd=7 connection established: peer=192.168.48.2:12345
2023-03-20 03:22:58,616 [CRITICAL] [TRADER] ENTER HEDGE:
2023-03-20 03:22:58,616 [CRITICAL] [TRADER] 	POSITION IS -20 HEDGE IS 0.
2023-03-20 03:22:58,616 [CRITICAL] [TRADER] 	EXIT HEDGE.
2023-03-20 03:22:58,617 [INFO   ] [TRADER] FILLED A HEDGE 169 PRICE 126100 VOLUME 20
2023-03-20 03:23:57,537 [CRITICAL] [TRADER] ENTER HEDGE:
2023-03-20 03:23:57,537 [CRITICAL] [TRADER] 	POSITION IS -79 HEDGE IS 20.
2023-03-20 03:23:57,537 [CRITICAL] [TRADER] 	EXIT HEDGE.
2023-03-20 03:23:57,537 [INFO   ] [TRADER] FILLED A HEDGE 309 PRICE 125100 VOLUME 59
2023-03-20 03:25:01,353 [CRITICAL] [TRADER] ENTER HEDGE:
2023-03-20 03:25:01,353 [CRITICAL] [TRADER] 	POSITION IS 82 HEDGE IS 79.
2023-03-20 03:25:01,353 [CRITICAL] [TRADER] 	EXIT HEDGE.
2023-03-20 03:25:01,354 [INFO   ] [TRADER] FILLED A HEDGE 444 PRICE 125600 VOLUME 161
2023-03-20 03:26:00,876 [CRITICAL] [TRADER] ENTER HEDGE:
2023-03-20 03:26:00,876 [CRITICAL] [TRADER] 	POSITION IS -74 HEDGE IS -82.
2023-03-20 03:26:00,876 [CRITICAL] [TRADER] 	EXIT HEDGE.
2023-03-20 03:26:00,876 [INFO   ] [TRADER] FILLED A HEDGE 611 PRICE 122400 VOLUME 156
2023-03-20 03:26:01,113 [CRITICAL] [TRADER] ENTER HEDGE:
2023-03-20 03:26:01,113 [CRITICAL] [TRADER] 	POSITION IS -62 HEDGE IS 74.
2023-03-20 03:26:01,113 [CRITICAL] [TRADER] 	EXIT HEDGE.
2023-03-20 03:26:01,114 [INFO   ] [TRADER] FILLED A HEDGE 612 PRICE 122000 VOLUME 12
2023-03-20 03:27:00,864 [CRITICAL] [TRADER] ENTER HEDGE:
2023-03-20 03:27:00,864 [CRITICAL] [TRADER] 	POSITION IS 88 HEDGE IS 62.
2023-03-20 03:27:00,864 [CRITICAL] [TRADER] 	EXIT HEDGE.
2023-03-20 03:27:00,864 [INFO   ] [TRADER] FILLED A HEDGE 734 PRICE 122600 VOLUME 150
2023-03-20 03:28:30,370 [CRITICAL] [TRADER] ENTER HEDGE:
2023-03-20 03:28:30,371 [CRITICAL] [TRADER] 	POSITION IS -97 HEDGE IS -88.
2023-03-20 03:28:30,371 [CRITICAL] [TRADER] 	EXIT HEDGE.
2023-03-20 03:28:30,371 [INFO   ] [TRADER] FILLED A HEDGE 893 PRICE 122800 VOLUME 185
2023-03-20 03:29:30,826 [CRITICAL] [TRADER] ENTER HEDGE:
2023-03-20 03:29:30,826 [CRITICAL] [TRADER] 	POSITION IS -95 HEDGE IS 97.
2023-03-20 03:29:30,826 [CRITICAL] [TRADER] 	EXIT HEDGE.
2023-03-20 03:29:30,827 [INFO   ] [TRADER] FILLED A HEDGE 1025 PRICE 122300 VOLUME 2
2023-03-20 03:30:33,123 [CRITICAL] [TRADER] ENTER HEDGE:
2023-03-20 03:30:33,123 [CRITICAL] [TRADER] 	POSITION IS 66 HEDGE IS 95.
2023-03-20 03:30:33,123 [CRITICAL] [TRADER] 	EXIT HEDGE.
2023-03-20 03:30:33,123 [INFO   ] [TRADER] FILLED A HEDGE 1151 PRICE 126900 VOLUME 161
2023-03-20 03:31:35,079 [CRITICAL] [TRADER] ENTER HEDGE:
2023-03-20 03:31:35,079 [CRITICAL] [TRADER] 	POSITION IS 90 HEDGE IS -66.
2023-03-20 03:31:35,079 [CRITICAL] [TRADER] 	EXIT HEDGE.
2023-03-20 03:31:35,079 [INFO   ] [TRADER] FILLED A HEDGE 1239 PRICE 129500 VOLUME 24
2023-03-20 03:32:54,606 [CRITICAL] [TRADER] ENTER HEDGE:
2023-03-20 03:32:54,606 [CRITICAL] [TRADER] 	POSITION IS 93 HEDGE IS -90.
2023-03-20 03:32:54,606 [CRITICAL] [TRADER] 	EXIT HEDGE.
2023-03-20 03:32:54,606 [INFO   ] [TRADER] FILLED A HEDGE 1363 PRICE 132100 VOLUME 3
2023-03-20 03:33:57,358 [CRITICAL] [TRADER] ENTER HEDGE:
2023-03-20 03:33:57,358 [CRITICAL] [TRADER] 	POSITION IS 65 HEDGE IS -93.
2023-03-20 03:33:57,358 [CRITICAL] [TRADER] 	EXIT HEDGE.
2023-03-20 03:33:57,359 [INFO   ] [TRADER] FILLED A HEDGE 1498 PRICE 126900 VOLUME 28
2023-03-20 03:33:57,538 [CRITICAL] [TRADER] ENTER HEDGE:
2023-03-20 03:33:57,538 [CRITICAL] [TRADER] 	POSITION IS 75 HEDGE IS -65.
2023-03-20 03:33:57,538 [CRITICAL] [TRADER] 	EXIT HEDGE.
2023-03-20 03:33:57,538 [INFO   ] [TRADER] FILLED A HEDGE 1500 PRICE 126800 VOLUME 10
2023-03-20 03:34:59,873 [CRITICAL] [TRADER] ENTER HEDGE:
2023-03-20 03:34:59,873 [CRITICAL] [TRADER] 	POSITION IS 74 HEDGE IS -75.
2023-03-20 03:34:59,873 [CRITICAL] [TRADER] 	EXIT HEDGE.
2023-03-20 03:34:59,873 [INFO   ] [TRADER] FILLED A HEDGE 1647 PRICE 128100 VOLUME 1
2023-03-20 03:35:58,856 [CRITICAL] [TRADER] ENTER HEDGE:
2023-03-20 03:35:58,857 [CRITICAL] [TRADER] 	POSITION IS 78 HEDGE IS -74.
2023-03-20 03:35:58,857 [CRITICAL] [TRADER] 	EXIT HEDGE.
2023-03-20 03:35:58,857 [INFO   ] [TRADER] FILLED A HEDGE 1742 PRICE 128500 VOLUME 4
2023-03-20 03:36:58,567 [INFO   ] [CONNECTION] fd=7 connection lost
2023-03-20 03:36:58,567 [INFO   ] [APP] closing event loop
2023-03-20 03:36:58,567 [INFO   ] [RECEIVER] connection lost
